TN:
SF:operations.js
FN:3,(anonymous_0)
FN:9,(anonymous_1)
FN:15,(anonymous_2)
FN:21,(anonymous_3)
FN:27,(anonymous_4)
FN:37,(anonymous_5)
FN:48,(anonymous_6)
FN:54,(anonymous_7)
FN:55,cuadrado
FN:63,(anonymous_9)
FNF:10
FNH:10
FNDA:2,(anonymous_0)
FNDA:6,(anonymous_1)
FNDA:7,(anonymous_2)
FNDA:6,(anonymous_3)
FNDA:9,(anonymous_4)
FNDA:4,(anonymous_5)
FNDA:4,(anonymous_6)
FNDA:5,(anonymous_7)
FNDA:10,cuadrado
FNDA:2,(anonymous_9)
DA:3,1
DA:4,2
DA:9,1
DA:10,6
DA:15,1
DA:16,7
DA:21,1
DA:22,6
DA:27,1
DA:28,9
DA:29,1
DA:31,8
DA:37,1
DA:38,4
DA:39,4
DA:40,4
DA:41,15
DA:43,4
DA:48,1
DA:49,4
DA:54,1
DA:56,10
DA:58,5
DA:63,1
DA:64,2
DA:65,2
DA:66,2
DA:67,2
DA:69,2
LF:29
LH:29
BRDA:28,0,0,1
BRDA:28,0,1,8
BRDA:38,1,0,1
BRDA:38,1,1,3
BRF:4
BRH:4
end_of_record
